---------------------------
06-30-2004, 16:36: Start update to c:\emcore
06-30-2004, 16:37: File c:\emcore\Programs\RecipePlus.hlp stored as c:\emcore\backup\RecipePlus.hlp. Version (unknown)
06-30-2004, 16:37: File RecipePlus.hlp updated.
06-30-2004, 16:37: File c:\emcore\Programs\RecipePlus.cnt stored as c:\emcore\backup\RecipePlus.cnt. Version (unknown)
06-30-2004, 16:37: File RecipePlus.cnt updated.
06-30-2004, 16:37: File c:\emcore\Programs\ParseDLL.dll stored as c:\emcore\backup\ParseDLL.dll. Version (unknown)
06-30-2004, 16:37: File ParseDLL.dll updated.
06-30-2004, 16:37: File EmcrServer.exe installed.
06-30-2004, 16:37: File c:\emcore\Programs\RecipePlus.exe stored as c:\emcore\backup\RecipePlus.exe. Version(1.2.0.100)
06-30-2004, 16:37: File RecipePlus.exe updated.
06-30-2004, 16:37: File c:\emcore\Programs\ReportPlus.exe stored as c:\emcore\backup\ReportPlus.exe. Version(1.0.0.0)
06-30-2004, 16:37: File ReportPlus.exe updated.
06-30-2004, 16:37: File c:\emcore\Programs\Data\RcpSys.cfg stored as c:\emcore\backup\RcpSys.cfg. Version (unknown)
06-30-2004, 16:37: File RcpSys.cfg updated.
06-30-2004, 16:37: File c:\emcore\Help\RecipePlus.hlp stored as c:\emcore\backup\RecipePlus.hlp. Version (unknown)
06-30-2004, 16:37: File RecipePlus.hlp updated.
06-30-2004, 16:37: File c:\emcore\Help\RecipePlus.cnt stored as c:\emcore\backup\RecipePlus.cnt. Version (unknown)
06-30-2004, 16:37: File RecipePlus.cnt updated.
06-30-2004, 16:37: File c:\emcore\Help\ReportPlus.hlp stored as c:\emcore\backup\ReportPlus.hlp. Version (unknown)
06-30-2004, 16:37: File ReportPlus.hlp updated.
06-30-2004, 16:37: File c:\emcore\Help\ReportPlus.cnt stored as c:\emcore\backup\ReportPlus.cnt. Version (unknown)
06-30-2004, 16:37: File ReportPlus.cnt updated.
06-30-2004, 16:37: File RecipeHistory.txt installed.
06-30-2004, 16:37: File System upgrade for RT200.doc installed.
06-30-2004, 16:37: File TCPIP configuration v2.doc installed.
06-30-2004, 16:38: File c:\emcore\programs\data\11805con.dat stored as c:\emcore\backup\11805con.dat. Version (unknown)
06-30-2004, 16:38: File 11805con.dat updated.
